<?xml version="1.0" encoding="UTF-8"?>
<testng-results skipped="0" failed="0" total="1" passed="1">
  <reporter-output>
    <line>
      <![CDATA[no of rows are::5  no of column are::10]]>
    </line>
  </reporter-output>
  <suite name="Suite" duration-ms="146821" started-at="2019-10-25T04:42:51Z" finished-at="2019-10-25T04:45:18Z">
    <groups>
    </groups>
    <test name="Test" duration-ms="146821" started-at="2019-10-25T04:42:51Z" finished-at="2019-10-25T04:45:18Z">
      <class name="DriverFactory.DataDrivenFramework">
        <test-method status="PASS" signature="launchapp()[pri:0, instance:DriverFactory.DataDrivenFramework@1ae369b7]" name="launchapp" is-config="true" duration-ms="9951" started-at="2019-10-25T10:12:51Z" finished-at="2019-10-25T10:13:01Z">
          <reporter-output>
          </reporter-output>
        </test-method> <!-- launchapp -->
        <test-method status="PASS" signature="suppliercreation()[pri:0, instance:DriverFactory.DataDrivenFramework@1ae369b7]" name="suppliercreation" duration-ms="132391" started-at="2019-10-25T10:13:01Z" finished-at="2019-10-25T10:15:13Z">
          <reporter-output>
            <line>
              <![CDATA[no of rows are::5  no of column are::10]]>
            </line>
          </reporter-output>
        </test-method> <!-- suppliercreation -->
        <test-method status="PASS" signature="logout()[pri:0, instance:DriverFactory.DataDrivenFramework@1ae369b7]" name="logout" is-config="true" duration-ms="4454" started-at="2019-10-25T10:15:13Z" finished-at="2019-10-25T10:15:18Z">
          <reporter-output>
          </reporter-output>
        </test-method> <!-- logout -->
      </class> <!-- DriverFactory.DataDrivenFramework -->
    </test> <!-- Test -->
  </suite> <!-- Suite -->
</testng-results>
